<?xml version="1.0" encoding="UTF-8"?>
<!-- Generated by org.testng.reporters.JUnitReportReporter -->
<testsuite skipped="0" hostname="DESKTOP-FMGC15H" name="com.Demo.Demo" tests="1" failures="0" timestamp="14 May 2019 21:31:51 GMT" time="10.661" errors="0">
  <testcase name="lunchDriver" time="10.661" classname="com.Demo.Demo"/>
</testsuite> <!-- com.Demo.Demo -->
